<?xml version="1.0" encoding="UTF-8"?>
<!-- Generated by org.testng.reporters.JUnitXMLReporter -->
<testsuite ignored="4" hostname="DESKTOP-VC9EE72" failures="0" tests="1" name="Default test" time="12.127" errors="0" timestamp="2023-10-09T13:43:07 EDT">
  <testcase classname="com.opencart.testcases.LoginTest" name="verifyLoginInWithValidEmailAndInvalidPassword" time="1.008"/>
  <testcase classname="com.opencart.testcases.LoginTest" name="verifyLoginInWithInvalidcredentialsTest" time="0.0">
    <ignored/>
  </testcase> <!-- verifyLoginInWithInvalidcredentialsTest -->
  <testcase classname="com.opencart.testcases.LoginTest" name="verifyLoginInWithValidCredentialsTest" time="0.0">
    <ignored/>
  </testcase> <!-- verifyLoginInWithValidCredentialsTest -->
  <testcase classname="com.opencart.testcases.LoginTest" name="verifyLoginInWithInvalidEmailAndValidPassword" time="0.0">
    <ignored/>
  </testcase> <!-- verifyLoginInWithInvalidEmailAndValidPassword -->
  <testcase classname="com.opencart.testcases.LoginTest" name="verifyLoginInWithoutProvidingCredentials" time="0.0">
    <ignored/>
  </testcase> <!-- verifyLoginInWithoutProvidingCredentials -->
</testsuite> <!-- Default test -->
